<?xml version="1.0" encoding="UTF-8"?>
<testng-results skipped="0" failed="0" total="1" passed="1">
  <reporter-output>
  </reporter-output>
  <suite name="Suite" duration-ms="16336" started-at="2021-03-05T16:37:18Z" finished-at="2021-03-05T16:37:34Z">
    <groups>
    </groups>
    <test name="Test" duration-ms="16336" started-at="2021-03-05T16:37:18Z" finished-at="2021-03-05T16:37:34Z">
      <class name="test.Selenium">
        <test-method status="PASS" signature="beforeTest()[pri:0, instance:test.Selenium@107a0d6]" name="beforeTest" is-config="true" duration-ms="5563" started-at="2021-03-05T22:07:18Z" finished-at="2021-03-05T22:07:24Z">
          <reporter-output>
          </reporter-output>
        </test-method> <!-- beforeTest -->
        <test-method status="PASS" signature="test()[pri:0, instance:test.Selenium@107a0d6]" name="test" duration-ms="9340" started-at="2021-03-05T22:07:24Z" finished-at="2021-03-05T22:07:33Z">
          <reporter-output>
          </reporter-output>
        </test-method> <!-- test -->
        <test-method status="PASS" signature="afterTest()[pri:0, instance:test.Selenium@107a0d6]" name="afterTest" is-config="true" duration-ms="1397" started-at="2021-03-05T22:07:33Z" finished-at="2021-03-05T22:07:34Z">
          <reporter-output>
          </reporter-output>
        </test-method> <!-- afterTest -->
      </class> <!-- test.Selenium -->
    </test> <!-- Test -->
  </suite> <!-- Suite -->
</testng-results>
