<?xml version="1.0" encoding="UTF-8"?>
<testng-results ignored="0" total="1" passed="1" failed="0" skipped="0">
  <reporter-output>
  </reporter-output>
  <suite started-at="2021-03-04T23:15:05 IST" name="Default suite" finished-at="2021-03-04T23:15:15 IST" duration-ms="10614">
    <groups>
    </groups>
    <test started-at="2021-03-04T23:15:05 IST" name="Default test" finished-at="2021-03-04T23:15:15 IST" duration-ms="10614">
      <class name="test.Selenium">
        <test-method signature="test()[pri:0, instance:test.Selenium@30b7c004]" started-at="2021-03-04T23:15:05 IST" name="test" finished-at="2021-03-04T23:15:15 IST" duration-ms="10570" status="PASS">
          <reporter-output>
          </reporter-output>
        </test-method> <!-- test -->
      </class> <!-- test.Selenium -->
    </test> <!-- Default test -->
  </suite> <!-- Default suite -->
</testng-results>
