<?xml version="1.0" encoding="UTF-8"?>
<testng-results total="1" passed="1" failed="0" skipped="0">
  <reporter-output>
  </reporter-output>
  <suite started-at="2021-03-05T14:56:42Z" name="Suite" finished-at="2021-03-05T14:56:53Z" duration-ms="10449">
    <groups>
    </groups>
    <test started-at="2021-03-05T14:56:42Z" name="Test" finished-at="2021-03-05T14:56:53Z" duration-ms="10449">
      <class name="test.Selenium">
        <test-method is-config="true" signature="beforeTest()[pri:0, instance:test.Selenium@71238fc2]" started-at="2021-03-05T20:26:42Z" name="beforeTest" finished-at="2021-03-05T20:26:44Z" duration-ms="1963" status="PASS">
          <reporter-output>
          </reporter-output>
        </test-method> <!-- beforeTest -->
        <test-method signature="test()[pri:0, instance:test.Selenium@71238fc2]" started-at="2021-03-05T20:26:44Z" name="test" finished-at="2021-03-05T20:26:52Z" duration-ms="7768" status="PASS">
          <reporter-output>
          </reporter-output>
        </test-method> <!-- test -->
        <test-method is-config="true" signature="afterTest()[pri:0, instance:test.Selenium@71238fc2]" started-at="2021-03-05T20:26:52Z" name="afterTest" finished-at="2021-03-05T20:26:53Z" duration-ms="703" status="PASS">
          <reporter-output>
          </reporter-output>
        </test-method> <!-- afterTest -->
      </class> <!-- test.Selenium -->
    </test> <!-- Test -->
  </suite> <!-- Suite -->
</testng-results>
